<?xml version="1.0" encoding="UTF-8"?>
<testng-results skipped="0" failed="0" total="1" passed="1">
  <reporter-output>
  </reporter-output>
  <suite name="Default suite" duration-ms="35033" started-at="2018-11-14T16:32:48Z" finished-at="2018-11-14T16:33:23Z">
    <groups>
      <group name="cucumber">
        <method signature="AbstractTestNGCucumberTests.feature(cucumber.api.testng.CucumberFeatureWrapper)[pri:0, instance:com.cucumber.framework.runner.FacebookLoginFeatureRunner@4dfa3a9d]" name="feature" class="cucumber.api.testng.AbstractTestNGCucumberTests"/>
      </group> <!-- cucumber -->
    </groups>
    <test name="Default test" duration-ms="35033" started-at="2018-11-14T16:32:48Z" finished-at="2018-11-14T16:33:23Z">
      <class name="com.cucumber.framework.runner.FacebookLoginFeatureRunner">
        <test-method status="PASS" signature="setUpClass()[pri:0, instance:com.cucumber.framework.runner.FacebookLoginFeatureRunner@4dfa3a9d]" name="setUpClass" is-config="true" duration-ms="448" started-at="2018-11-14T22:02:48Z" finished-at="2018-11-14T22:02:48Z">
          <reporter-output>
          </reporter-output>
        </test-method> <!-- setUpClass -->
        <test-method status="PASS" signature="feature(cucumber.api.testng.CucumberFeatureWrapper)[pri:0, instance:com.cucumber.framework.runner.FacebookLoginFeatureRunner@4dfa3a9d]" name="feature" duration-ms="34462" started-at="2018-11-14T22:02:48Z" description="Runs Cucumber Feature" data-provider="features" finished-at="2018-11-14T22:03:23Z">
          <params>
            <param index="0">
              <value>
                <![CDATA[Search for Flights]]>
              </value>
            </param>
          </params>
          <reporter-output>
          </reporter-output>
        </test-method> <!-- feature -->
        <test-method status="PASS" signature="tearDownClass()[pri:0, instance:com.cucumber.framework.runner.FacebookLoginFeatureRunner@4dfa3a9d]" name="tearDownClass" is-config="true" duration-ms="23" started-at="2018-11-14T22:03:23Z" finished-at="2018-11-14T22:03:23Z">
          <reporter-output>
          </reporter-output>
        </test-method> <!-- tearDownClass -->
      </class> <!-- com.cucumber.framework.runner.FacebookLoginFeatureRunner -->
    </test> <!-- Default test -->
  </suite> <!-- Default suite -->
</testng-results>
